This is pdfTeX, Version 3.141592653-2.6-1.40.27 (TeX Live 2026/dev/Arch Linux) (preloaded format=pdflatex)
 restricted \write18 enabled.
entering extended mode
(./KyOS-Technical-Whitepaper.tex
LaTeX2e <2024-11-01> patch level 2
L3 programming layer <2025-01-18>
(/usr/share/texmf-dist/tex/latex/base/article.cls
Document Class: article 2024/06/29 v1.4n Standard LaTeX document class
(/usr/share/texmf-dist/tex/latex/base/size12.clo))
(/usr/share/texmf-dist/tex/latex/base/inputenc.sty)
(/usr/share/texmf-dist/tex/latex/base/fontenc.sty)
(/usr/share/texmf-dist/tex/latex/amsmath/amsmath.sty
For additional information on amsmath, use the `?' option.
(/usr/share/texmf-dist/tex/latex/amsmath/amstext.sty
(/usr/share/texmf-dist/tex/latex/amsmath/amsgen.sty))
(/usr/share/texmf-dist/tex/latex/amsmath/amsbsy.sty)
(/usr/share/texmf-dist/tex/latex/amsmath/amsopn.sty))
(/usr/share/texmf-dist/tex/latex/amsfonts/amsfonts.sty)
(/usr/share/texmf-dist/tex/latex/amsfonts/amssymb.sty)
(/usr/share/texmf-dist/tex/latex/graphics/graphicx.sty
(/usr/share/texmf-dist/tex/latex/graphics/keyval.sty)
(/usr/share/texmf-dist/tex/latex/graphics/graphics.sty
(/usr/share/texmf-dist/tex/latex/graphics/trig.sty)
(/usr/share/texmf-dist/tex/latex/graphics-cfg/graphics.cfg)
(/usr/share/texmf-dist/tex/latex/graphics-def/pdftex.def)))
(/usr/share/texmf-dist/tex/latex/xcolor/xcolor.sty
(/usr/share/texmf-dist/tex/latex/graphics-cfg/color.cfg)
(/usr/share/texmf-dist/tex/latex/graphics/mathcolor.ltx))
(/usr/share/texmf-dist/tex/latex/listings/listings.sty
(/usr/share/texmf-dist/tex/latex/listings/lstpatch.sty)
(/usr/share/texmf-dist/tex/latex/listings/lstmisc.sty)
(/usr/share/texmf-dist/tex/latex/listings/listings.cfg))
(/usr/share/texmf-dist/tex/latex/hyperref/hyperref.sty
(/usr/share/texmf-dist/tex/generic/iftex/iftex.sty)
(/usr/share/texmf-dist/tex/latex/kvsetkeys/kvsetkeys.sty)
(/usr/share/texmf-dist/tex/generic/kvdefinekeys/kvdefinekeys.sty)
(/usr/share/texmf-dist/tex/generic/pdfescape/pdfescape.sty
(/usr/share/texmf-dist/tex/generic/ltxcmds/ltxcmds.sty)
(/usr/share/texmf-dist/tex/generic/pdftexcmds/pdftexcmds.sty
(/usr/share/texmf-dist/tex/generic/infwarerr/infwarerr.sty)))
(/usr/share/texmf-dist/tex/latex/hycolor/hycolor.sty)
(/usr/share/texmf-dist/tex/latex/hyperref/nameref.sty
(/usr/share/texmf-dist/tex/latex/refcount/refcount.sty)
(/usr/share/texmf-dist/tex/generic/gettitlestring/gettitlestring.sty
(/usr/share/texmf-dist/tex/latex/kvoptions/kvoptions.sty)))
(/usr/share/texmf-dist/tex/latex/etoolbox/etoolbox.sty)
(/usr/share/texmf-dist/tex/generic/stringenc/stringenc.sty)
(/usr/share/texmf-dist/tex/latex/hyperref/pd1enc.def)
(/usr/share/texmf-dist/tex/generic/intcalc/intcalc.sty)
(/usr/share/texmf-dist/tex/latex/hyperref/puenc.def)
(/usr/share/texmf-dist/tex/latex/url/url.sty)
(/usr/share/texmf-dist/tex/generic/bitset/bitset.sty
(/usr/share/texmf-dist/tex/generic/bigintcalc/bigintcalc.sty))
(/usr/share/texmf-dist/tex/latex/base/atbegshi-ltx.sty))
(/usr/share/texmf-dist/tex/latex/hyperref/hpdftex.def
(/usr/share/texmf-dist/tex/latex/base/atveryend-ltx.sty)
(/usr/share/texmf-dist/tex/latex/rerunfilecheck/rerunfilecheck.sty
(/usr/share/texmf-dist/tex/generic/uniquecounter/uniquecounter.sty)))
(/usr/share/texmf-dist/tex/latex/geometry/geometry.sty
(/usr/share/texmf-dist/tex/generic/iftex/ifvtex.sty))
(/usr/share/texmf-dist/tex/latex/fancyhdr/fancyhdr.sty)
(/usr/share/texmf-dist/tex/latex/titlesec/titlesec.sty)
(/usr/share/texmf-dist/tex/latex/tocloft/tocloft.sty)
(/usr/share/texmf-dist/tex/latex/booktabs/booktabs.sty)
(/usr/share/texmf-dist/tex/latex/tools/longtable.sty)
(/usr/share/texmf-dist/tex/latex/float/float.sty)
(/usr/share/texmf-dist/tex/latex/listings/lstlang1.sty)
(/usr/share/texmf-dist/tex/latex/listings/lstlang1.sty)
(/usr/share/texmf-dist/tex/latex/l3backend/l3backend-pdftex.def)
(./KyOS-Technical-Whitepaper.aux)
(/usr/share/texmf-dist/tex/context/base/mkii/supp-pdf.mkii
[Loading MPS to PDF converter (version 2006.09.02).]
) (/usr/share/texmf-dist/tex/latex/epstopdf-pkg/epstopdf-base.sty
(/usr/share/texmf-dist/tex/latex/latexconfig/epstopdf-sys.cfg))
(./KyOS-Technical-Whitepaper.out) (./KyOS-Technical-Whitepaper.out)
*geometry* driver: auto-detecting
*geometry* detected driver: pdftex
(/usr/share/texmf-dist/tex/latex/amsfonts/umsa.fd)
(/usr/share/texmf-dist/tex/latex/amsfonts/umsb.fd)
[1{/var/lib/texmf/fonts/map/pdftex/updmap/pdftex.map} <./kyos.png>]
[2] (./KyOS-Technical-Whitepaper.toc
[3]
[4])
[5]
[6
pdfTeX warning (ext4): destination with the same identifier (name{figure.1}) ha
s been already used, duplicate ignored
<argument> ...shipout:D \box_use:N \l_shipout_box 
                                                  \__shipout_drop_firstpage_...
l.135 T
       he distribution follows a minimal bloat principle, including only ess...
 <./images/desktop.png (PNG copy)>]
[7]
[8]
[9
pdfTeX warning (ext4): destination with the same identifier (name{figure.2}) ha
s been already used, duplicate ignored
<argument> ...shipout:D \box_use:N \l_shipout_box 
                                                  \__shipout_drop_firstpage_...
l.215 \subsubsection{X11 Display Server}
                                        ]
[10]

! LaTeX Error: Invalid UTF-8 byte sequence (â\lst@FillFixed@\lst@EC†).

See the LaTeX manual or LaTeX Companion for explanation.
Type  H <return>  for immediate help.
 ...                                              
                                                  
l.257         â†“
                 

! LaTeX Error: Invalid UTF-8 byte "93.

See the LaTeX manual or LaTeX Companion for explanation.
Type  H <return>  for immediate help.
 ...                                              
                                                  
l.257         â†“
                 

! LaTeX Error: Invalid UTF-8 byte sequence (â\lst@FillFixed@\lst@EC†).

See the LaTeX manual or LaTeX Companion for explanation.
Type  H <return>  for immediate help.
 ...                                              
                                                  
l.259         â†“
                 

! LaTeX Error: Invalid UTF-8 byte "93.

See the LaTeX manual or LaTeX Companion for explanation.
Type  H <return>  for immediate help.
 ...                                              
                                                  
l.259         â†“
                 

! LaTeX Error: Invalid UTF-8 byte sequence (â\lst@FillFixed@\lst@EC†).

See the LaTeX manual or LaTeX Companion for explanation.
Type  H <return>  for immediate help.
 ...                                              
                                                  
l.261         â†“
                 

! LaTeX Error: Invalid UTF-8 byte "93.

See the LaTeX manual or LaTeX Companion for explanation.
Type  H <return>  for immediate help.
 ...                                              
                                                  
l.261         â†“
                 

! LaTeX Error: Invalid UTF-8 byte sequence (â\lst@FillFixed@\lst@EC†).

See the LaTeX manual or LaTeX Companion for explanation.
Type  H <return>  for immediate help.
 ...                                              
                                                  
l.263         â†“
                 

! LaTeX Error: Invalid UTF-8 byte "93.

See the LaTeX manual or LaTeX Companion for explanation.
Type  H <return>  for immediate help.
 ...                                              
                                                  
l.263         â†“
                 

[11
pdfTeX warning (ext4): destination with the same identifier (name{figure.3}) ha
s been already used, duplicate ignored
<argument> ...shipout:D \box_use:N \l_shipout_box 
                                                  \__shipout_drop_firstpage_...
l.284 
      ]
Overfull \hbox (18.10391pt too wide) in paragraph at lines 285--286
[]\T1/cmr/m/n/12 Qtile's au-toma-tion ca-pa-bil-i-ties al-low se-cu-rity pro-fe
s-sion-als to script win-dow and workspace

[12]
[13
pdfTeX warning (ext4): destination with the same identifier (name{figure.4}) ha
s been already used, duplicate ignored
<argument> ...shipout:D \box_use:N \l_shipout_box 
                                                  \__shipout_drop_firstpage_...
l.337 
       <./images/tilling_windows.png (PNG copy)>]
[14
pdfTeX warning (ext4): destination with the same identifier (name{figure.5}) ha
s been already used, duplicate ignored
<argument> ...shipout:D \box_use:N \l_shipout_box 
                                                  \__shipout_drop_firstpage_...
l.364 \textbf{Academic and Learning Applications:}
                                                  
pdfTeX warning (ext4): destination with the same identifier (name{table.1}) has
 been already used, duplicate ignored
<argument> ...shipout:D \box_use:N \l_shipout_box 
                                                  \__shipout_drop_firstpage_...
l.364 \textbf{Academic and Learning Applications:}
                                                   <./images/floating_windows.p
ng (PNG copy)>]
[15]
[16]
[17]
[18
pdfTeX warning (ext4): destination with the same identifier (name{figure.6}) ha
s been already used, duplicate ignored
<argument> ...shipout:D \box_use:N \l_shipout_box 
                                                  \__shipout_drop_firstpage_...
l.468 
      ]
[19]
[20]
[21]
[22]
[23
pdfTeX warning (ext4): destination with the same identifier (name{figure.7}) ha
s been already used, duplicate ignored
<argument> ...shipout:D \box_use:N \l_shipout_box 
                                                  \__shipout_drop_firstpage_...
l.708 ...[caption=Boot Optimization Configuration]
                                                  
pdfTeX warning (ext4): destination with the same identifier (name{table.2}) has
 been already used, duplicate ignored
<argument> ...shipout:D \box_use:N \l_shipout_box 
                                                  \__shipout_drop_firstpage_...
l.708 ...[caption=Boot Optimization Configuration]
                                                   <./images/terminal_packages_
support.png (PNG copy)>]
[24
pdfTeX warning (ext4): destination with the same identifier (name{table.3}) has
 been already used, duplicate ignored
<argument> ...shipout:D \box_use:N \l_shipout_box 
                                                  \__shipout_drop_firstpage_...
l.760     \item \textbf
                       {Release Preparation:} Documentation and packaging]
[25]
[26
pdfTeX warning (ext4): destination with the same identifier (name{table.4}) has
 been already used, duplicate ignored
<argument> ...shipout:D \box_use:N \l_shipout_box 
                                                  \__shipout_drop_firstpage_...
l.823 ...ing}[caption=Security Testing Procedures]
                                                  ]
[27]
[28]
[29]
Underfull \hbox (badness 10000) in paragraph at lines 910--912


[30]
[31
pdfTeX warning (ext4): destination with the same identifier (name{table.5}) has
 been already used, duplicate ignored
<argument> ...shipout:D \box_use:N \l_shipout_box 
                                                  \__shipout_drop_firstpage_...
l.990 
      ]
[32
pdfTeX warning (ext4): destination with the same identifier (name{table.6}) has
 been already used, duplicate ignored
<argument> ...shipout:D \box_use:N \l_shipout_box 
                                                  \__shipout_drop_firstpage_...
l.1042 \newpage
               ]
[33] (./KyOS-Technical-Whitepaper.aux) )
(see the transcript file for additional information) </home/rubberpirate/.texli
ve/texmf-var/fonts/pk/ljfour/jknappen/ec/ecti1200.600pk> </home/rubberpirate/.t
exlive/texmf-var/fonts/pk/ljfour/jknappen/ec/ectt1200.600pk> </home/rubberpirat
e/.texlive/texmf-var/fonts/pk/ljfour/jknappen/ec/tcrm1200.600pk> </home/rubberp
irate/.texlive/texmf-var/fonts/pk/ljfour/jknappen/ec/ectt1000.600pk> </home/rub
berpirate/.texlive/texmf-var/fonts/pk/ljfour/jknappen/ec/ecit1000.600pk> </home
/rubberpirate/.texlive/texmf-var/fonts/pk/ljfour/jknappen/ec/ecbx1200.600pk> </
home/rubberpirate/.texlive/texmf-var/fonts/pk/ljfour/jknappen/ec/ecbx1728.600pk
> </home/rubberpirate/.texlive/texmf-var/fonts/pk/ljfour/jknappen/ec/ecrm1095.6
00pk> </home/rubberpirate/.texlive/texmf-var/fonts/pk/ljfour/jknappen/ec/ecbx10
95.600pk> </home/rubberpirate/.texlive/texmf-var/fonts/pk/ljfour/jknappen/ec/ec
rm1200.600pk> </home/rubberpirate/.texlive/texmf-var/fonts/pk/ljfour/jknappen/e
c/ectt1440.600pk> </home/rubberpirate/.texlive/texmf-var/fonts/pk/ljfour/jknapp
en/ec/ecbx1440.600pk> </home/rubberpirate/.texlive/texmf-var/fonts/pk/ljfour/jk
nappen/ec/ecrm1440.600pk> </home/rubberpirate/.texlive/texmf-var/fonts/pk/ljfou
r/jknappen/ec/ecrm2074.600pk> </home/rubberpirate/.texlive/texmf-var/fonts/pk/l
jfour/jknappen/ec/ecrm1728.600pk> </home/rubberpirate/.texlive/texmf-var/fonts/
pk/ljfour/jknappen/ec/ecbx2488.600pk>
Output written on KyOS-Technical-Whitepaper.pdf (33 pages, 2384422 bytes).
Transcript written on KyOS-Technical-Whitepaper.log.
