\BOOKMARK [1][-]{section.1}{\376\377\000I\000n\000t\000r\000o\000d\000u\000c\000t\000i\000o\000n}{}% 1
\BOOKMARK [2][-]{subsection.1.1}{\376\377\000P\000r\000o\000j\000e\000c\000t\000\040\000O\000v\000e\000r\000v\000i\000e\000w}{section.1}% 2
\BOOKMARK [2][-]{subsection.1.2}{\376\377\000D\000e\000s\000i\000g\000n\000\040\000P\000h\000i\000l\000o\000s\000o\000p\000h\000y}{section.1}% 3
\BOOKMARK [2][-]{subsection.1.3}{\376\377\000T\000a\000r\000g\000e\000t\000\040\000A\000u\000d\000i\000e\000n\000c\000e}{section.1}% 4
\BOOKMARK [1][-]{section.2}{\376\377\000T\000e\000c\000h\000n\000i\000c\000a\000l\000\040\000F\000o\000u\000n\000d\000a\000t\000i\000o\000n\000s}{}% 5
\BOOKMARK [2][-]{subsection.2.1}{\376\377\000A\000r\000c\000h\000\040\000L\000i\000n\000u\000x\000\040\000F\000o\000u\000n\000d\000a\000t\000i\000o\000n}{section.2}% 6
\BOOKMARK [3][-]{subsubsection.2.1.1}{\376\377\000T\000h\000e\000\040\000A\000r\000c\000h\000\040\000W\000a\000y}{subsection.2.1}% 7
\BOOKMARK [3][-]{subsubsection.2.1.2}{\376\377\000R\000o\000l\000l\000i\000n\000g\000\040\000R\000e\000l\000e\000a\000s\000e\000\040\000M\000o\000d\000e\000l}{subsection.2.1}% 8
\BOOKMARK [3][-]{subsubsection.2.1.3}{\376\377\000P\000a\000c\000k\000a\000g\000e\000\040\000M\000a\000n\000a\000g\000e\000m\000e\000n\000t}{subsection.2.1}% 9
\BOOKMARK [2][-]{subsection.2.2}{\376\377\000A\000r\000c\000h\000i\000s\000o\000\040\000B\000u\000i\000l\000d\000\040\000S\000y\000s\000t\000e\000m}{section.2}% 10
\BOOKMARK [3][-]{subsubsection.2.2.1}{\376\377\000I\000S\000O\000\040\000C\000r\000e\000a\000t\000i\000o\000n\000\040\000F\000r\000a\000m\000e\000w\000o\000r\000k}{subsection.2.2}% 11
\BOOKMARK [3][-]{subsubsection.2.2.2}{\376\377\000K\000y\000O\000S\000\040\000A\000r\000c\000h\000i\000s\000o\000\040\000C\000u\000s\000t\000o\000m\000i\000z\000a\000t\000i\000o\000n\000s}{subsection.2.2}% 12
\BOOKMARK [3][-]{subsubsection.2.2.3}{\376\377\000M\000u\000l\000t\000i\000-\000V\000a\000r\000i\000a\000n\000t\000\040\000I\000S\000O\000\040\000D\000i\000s\000t\000r\000i\000b\000u\000t\000i\000o\000n}{subsection.2.2}% 13
\BOOKMARK [2][-]{subsection.2.3}{\376\377\000D\000i\000s\000p\000l\000a\000y\000\040\000S\000e\000r\000v\000e\000r\000\040\000A\000r\000c\000h\000i\000t\000e\000c\000t\000u\000r\000e}{section.2}% 14
\BOOKMARK [3][-]{subsubsection.2.3.1}{\376\377\000X\0001\0001\000\040\000D\000i\000s\000p\000l\000a\000y\000\040\000S\000e\000r\000v\000e\000r}{subsection.2.3}% 15
\BOOKMARK [3][-]{subsubsection.2.3.2}{\376\377\000D\000i\000s\000p\000l\000a\000y\000\040\000S\000e\000r\000v\000e\000r\000\040\000v\000s\000.\000\040\000W\000i\000n\000d\000o\000w\000\040\000M\000a\000n\000a\000g\000e\000r\000\040\000v\000s\000.\000\040\000D\000i\000s\000p\000l\000a\000y\000\040\000M\000a\000n\000a\000g\000e\000r}{subsection.2.3}% 16
\BOOKMARK [2][-]{subsection.2.4}{\376\377\000Q\000t\000i\000l\000e\000\040\000W\000i\000n\000d\000o\000w\000\040\000M\000a\000n\000a\000g\000e\000r}{section.2}% 17
\BOOKMARK [3][-]{subsubsection.2.4.1}{\376\377\000W\000h\000y\000\040\000Q\000t\000i\000l\000e\000\040\000f\000o\000r\000\040\000A\000l\000l\000\040\000U\000s\000e\000r\000s}{subsection.2.4}% 18
\BOOKMARK [3][-]{subsubsection.2.4.2}{\376\377\000T\000i\000l\000i\000n\000g\000\040\000W\000i\000n\000d\000o\000w\000\040\000M\000a\000n\000a\000g\000e\000m\000e\000n\000t\000\040\000P\000h\000i\000l\000o\000s\000o\000p\000h\000y}{subsection.2.4}% 19
\BOOKMARK [2][-]{subsection.2.5}{\376\377\000K\000y\000O\000S\000\040\000P\000u\000r\000p\000o\000s\000e\000\040\000a\000n\000d\000\040\000T\000a\000r\000g\000e\000t\000\040\000A\000p\000p\000l\000i\000c\000a\000t\000i\000o\000n\000s}{section.2}% 20
\BOOKMARK [3][-]{subsubsection.2.5.1}{\376\377\000D\000a\000i\000l\000y\000\040\000C\000o\000m\000p\000u\000t\000i\000n\000g\000\040\000U\000s\000e\000\040\000C\000a\000s\000e\000s}{subsection.2.5}% 21
\BOOKMARK [3][-]{subsubsection.2.5.2}{\376\377\000P\000r\000o\000f\000e\000s\000s\000i\000o\000n\000a\000l\000\040\000S\000e\000c\000u\000r\000i\000t\000y\000\040\000U\000s\000e\000\040\000C\000a\000s\000e\000s}{subsection.2.5}% 22
\BOOKMARK [3][-]{subsubsection.2.5.3}{\376\377\000P\000r\000o\000f\000e\000s\000s\000i\000o\000n\000a\000l\000\040\000S\000e\000c\000u\000r\000i\000t\000y\000\040\000U\000s\000e\000\040\000C\000a\000s\000e\000s}{subsection.2.5}% 23
\BOOKMARK [3][-]{subsubsection.2.5.4}{\376\377\000E\000d\000u\000c\000a\000t\000i\000o\000n\000a\000l\000\040\000a\000n\000d\000\040\000T\000r\000a\000i\000n\000i\000n\000g\000\040\000A\000p\000p\000l\000i\000c\000a\000t\000i\000o\000n\000s}{subsection.2.5}% 24
\BOOKMARK [1][-]{section.3}{\376\377\000S\000y\000s\000t\000e\000m\000\040\000A\000r\000c\000h\000i\000t\000e\000c\000t\000u\000r\000e}{}% 25
\BOOKMARK [2][-]{subsection.3.1}{\376\377\000C\000o\000r\000e\000\040\000C\000o\000m\000p\000o\000n\000e\000n\000t\000s}{section.3}% 26
\BOOKMARK [3][-]{subsubsection.3.1.1}{\376\377\000B\000a\000s\000e\000\040\000S\000y\000s\000t\000e\000m}{subsection.3.1}% 27
\BOOKMARK [3][-]{subsubsection.3.1.2}{\376\377\000D\000e\000s\000k\000t\000o\000p\000\040\000E\000n\000v\000i\000r\000o\000n\000m\000e\000n\000t}{subsection.3.1}% 28
\BOOKMARK [2][-]{subsection.3.2}{\376\377\000I\000n\000s\000t\000a\000l\000l\000a\000t\000i\000o\000n\000\040\000S\000y\000s\000t\000e\000m\000\040\000A\000r\000c\000h\000i\000t\000e\000c\000t\000u\000r\000e}{section.3}% 29
\BOOKMARK [3][-]{subsubsection.3.2.1}{\376\377\000U\000n\000i\000f\000i\000e\000d\000\040\000I\000n\000s\000t\000a\000l\000l\000e\000r\000\040\000D\000e\000s\000i\000g\000n}{subsection.3.2}% 30
\BOOKMARK [3][-]{subsubsection.3.2.2}{\376\377\000I\000n\000s\000t\000a\000l\000l\000a\000t\000i\000o\000n\000\040\000W\000o\000r\000k\000f\000l\000o\000w}{subsection.3.2}% 31
\BOOKMARK [1][-]{section.4}{\376\377\000I\000n\000s\000t\000a\000l\000l\000a\000t\000i\000o\000n\000\040\000S\000y\000s\000t\000e\000m\000\040\000I\000m\000p\000l\000e\000m\000e\000n\000t\000a\000t\000i\000o\000n}{}% 32
\BOOKMARK [2][-]{subsection.4.1}{\376\377\000T\000e\000x\000t\000\040\000U\000s\000e\000r\000\040\000I\000n\000t\000e\000r\000f\000a\000c\000e\000\040\000\050\000T\000U\000I\000\051}{section.4}% 33
\BOOKMARK [3][-]{subsubsection.4.1.1}{\376\377\000D\000e\000s\000i\000g\000n\000\040\000P\000r\000i\000n\000c\000i\000p\000l\000e\000s}{subsection.4.1}% 34
\BOOKMARK [3][-]{subsubsection.4.1.2}{\376\377\000I\000m\000p\000l\000e\000m\000e\000n\000t\000a\000t\000i\000o\000n\000\040\000D\000e\000t\000a\000i\000l\000s}{subsection.4.1}% 35
\BOOKMARK [2][-]{subsection.4.2}{\376\377\000H\000a\000r\000d\000w\000a\000r\000e\000\040\000D\000e\000t\000e\000c\000t\000i\000o\000n\000\040\000a\000n\000d\000\040\000O\000p\000t\000i\000m\000i\000z\000a\000t\000i\000o\000n}{section.4}% 36
\BOOKMARK [3][-]{subsubsection.4.2.1}{\376\377\000N\000V\000I\000D\000I\000A\000\040\000G\000r\000a\000p\000h\000i\000c\000s\000\040\000S\000u\000p\000p\000o\000r\000t}{subsection.4.2}% 37
\BOOKMARK [3][-]{subsubsection.4.2.2}{\376\377\000M\000e\000m\000o\000r\000y\000\040\000M\000a\000n\000a\000g\000e\000m\000e\000n\000t}{subsection.4.2}% 38
\BOOKMARK [1][-]{section.5}{\376\377\000U\000s\000e\000r\000\040\000E\000x\000p\000e\000r\000i\000e\000n\000c\000e\000\040\000a\000n\000d\000\040\000A\000c\000c\000e\000s\000s\000i\000b\000i\000l\000i\000t\000y}{}% 39
\BOOKMARK [2][-]{subsection.5.1}{\376\377\000D\000a\000i\000l\000y\000\040\000U\000s\000e\000r\000\040\000E\000x\000p\000e\000r\000i\000e\000n\000c\000e}{section.5}% 40
\BOOKMARK [3][-]{subsubsection.5.1.1}{\376\377\000U\000s\000e\000r\000-\000F\000r\000i\000e\000n\000d\000l\000y\000\040\000F\000e\000a\000t\000u\000r\000e\000s}{subsection.5.1}% 41
\BOOKMARK [3][-]{subsubsection.5.1.2}{\376\377\000L\000e\000a\000r\000n\000i\000n\000g\000\040\000a\000n\000d\000\040\000D\000o\000c\000u\000m\000e\000n\000t\000a\000t\000i\000o\000n}{subsection.5.1}% 42
\BOOKMARK [2][-]{subsection.5.2}{\376\377\000A\000c\000c\000e\000s\000s\000i\000b\000i\000l\000i\000t\000y\000\040\000F\000e\000a\000t\000u\000r\000e\000s}{section.5}% 43
\BOOKMARK [3][-]{subsubsection.5.2.1}{\376\377\000U\000n\000i\000v\000e\000r\000s\000a\000l\000\040\000D\000e\000s\000i\000g\000n}{subsection.5.2}% 44
\BOOKMARK [1][-]{section.6}{\376\377\000S\000e\000c\000u\000r\000i\000t\000y\000\040\000I\000n\000t\000e\000g\000r\000a\000t\000i\000o\000n}{}% 45
\BOOKMARK [2][-]{subsection.6.1}{\376\377\000B\000l\000a\000c\000k\000A\000r\000c\000h\000\040\000R\000e\000p\000o\000s\000i\000t\000o\000r\000y\000\040\000I\000n\000t\000e\000g\000r\000a\000t\000i\000o\000n}{section.6}% 46
\BOOKMARK [3][-]{subsubsection.6.1.1}{\376\377\000R\000e\000p\000o\000s\000i\000t\000o\000r\000y\000\040\000M\000a\000n\000a\000g\000e\000m\000e\000n\000t}{subsection.6.1}% 47
\BOOKMARK [3][-]{subsubsection.6.1.2}{\376\377\000S\000e\000c\000u\000r\000i\000t\000y\000\040\000T\000o\000o\000l\000\040\000C\000a\000t\000e\000g\000o\000r\000i\000e\000s}{subsection.6.1}% 48
\BOOKMARK [2][-]{subsection.6.2}{\376\377\000S\000y\000s\000t\000e\000m\000\040\000H\000a\000r\000d\000e\000n\000i\000n\000g}{section.6}% 49
\BOOKMARK [3][-]{subsubsection.6.2.1}{\376\377\000D\000e\000f\000a\000u\000l\000t\000\040\000S\000e\000c\000u\000r\000i\000t\000y\000\040\000C\000o\000n\000f\000i\000g\000u\000r\000a\000t\000i\000o\000n\000s}{subsection.6.2}% 50
\BOOKMARK [1][-]{section.7}{\376\377\000P\000e\000r\000f\000o\000r\000m\000a\000n\000c\000e\000\040\000O\000p\000t\000i\000m\000i\000z\000a\000t\000i\000o\000n}{}% 51
\BOOKMARK [2][-]{subsection.7.1}{\376\377\000S\000y\000s\000t\000e\000m\000\040\000P\000e\000r\000f\000o\000r\000m\000a\000n\000c\000e}{section.7}% 52
\BOOKMARK [3][-]{subsubsection.7.1.1}{\376\377\000B\000o\000o\000t\000\040\000O\000p\000t\000i\000m\000i\000z\000a\000t\000i\000o\000n}{subsection.7.1}% 53
\BOOKMARK [3][-]{subsubsection.7.1.2}{\376\377\000M\000e\000m\000o\000r\000y\000\040\000O\000p\000t\000i\000m\000i\000z\000a\000t\000i\000o\000n}{subsection.7.1}% 54
\BOOKMARK [2][-]{subsection.7.2}{\376\377\000S\000t\000o\000r\000a\000g\000e\000\040\000O\000p\000t\000i\000m\000i\000z\000a\000t\000i\000o\000n}{section.7}% 55
\BOOKMARK [3][-]{subsubsection.7.2.1}{\376\377\000F\000i\000l\000e\000s\000y\000s\000t\000e\000m\000\040\000S\000e\000l\000e\000c\000t\000i\000o\000n}{subsection.7.2}% 56
\BOOKMARK [1][-]{section.8}{\376\377\000D\000e\000v\000e\000l\000o\000p\000m\000e\000n\000t\000\040\000M\000e\000t\000h\000o\000d\000o\000l\000o\000g\000y}{}% 57
\BOOKMARK [2][-]{subsection.8.1}{\376\377\000V\000e\000r\000s\000i\000o\000n\000\040\000C\000o\000n\000t\000r\000o\000l\000\040\000a\000n\000d\000\040\000R\000e\000l\000e\000a\000s\000e\000\040\000M\000a\000n\000a\000g\000e\000m\000e\000n\000t}{section.8}% 58
\BOOKMARK [3][-]{subsubsection.8.1.1}{\376\377\000D\000e\000v\000e\000l\000o\000p\000m\000e\000n\000t\000\040\000W\000o\000r\000k\000f\000l\000o\000w}{subsection.8.1}% 59
\BOOKMARK [3][-]{subsubsection.8.1.2}{\376\377\000Q\000u\000a\000l\000i\000t\000y\000\040\000A\000s\000s\000u\000r\000a\000n\000c\000e}{subsection.8.1}% 60
\BOOKMARK [2][-]{subsection.8.2}{\376\377\000D\000o\000c\000u\000m\000e\000n\000t\000a\000t\000i\000o\000n\000\040\000a\000n\000d\000\040\000S\000u\000p\000p\000o\000r\000t}{section.8}% 61
\BOOKMARK [3][-]{subsubsection.8.2.1}{\376\377\000T\000e\000c\000h\000n\000i\000c\000a\000l\000\040\000D\000o\000c\000u\000m\000e\000n\000t\000a\000t\000i\000o\000n}{subsection.8.2}% 62
\BOOKMARK [1][-]{section.9}{\376\377\000T\000e\000s\000t\000i\000n\000g\000\040\000a\000n\000d\000\040\000V\000a\000l\000i\000d\000a\000t\000i\000o\000n}{}% 63
\BOOKMARK [2][-]{subsection.9.1}{\376\377\000I\000n\000s\000t\000a\000l\000l\000a\000t\000i\000o\000n\000\040\000T\000e\000s\000t\000i\000n\000g}{section.9}% 64
\BOOKMARK [3][-]{subsubsection.9.1.1}{\376\377\000T\000e\000s\000t\000\040\000E\000n\000v\000i\000r\000o\000n\000m\000e\000n\000t\000\040\000S\000e\000t\000u\000p}{subsection.9.1}% 65
\BOOKMARK [3][-]{subsubsection.9.1.2}{\376\377\000T\000e\000s\000t\000\040\000C\000a\000s\000e\000s}{subsection.9.1}% 66
\BOOKMARK [2][-]{subsection.9.2}{\376\377\000S\000e\000c\000u\000r\000i\000t\000y\000\040\000T\000e\000s\000t\000i\000n\000g}{section.9}% 67
\BOOKMARK [3][-]{subsubsection.9.2.1}{\376\377\000S\000e\000c\000u\000r\000i\000t\000y\000\040\000V\000a\000l\000i\000d\000a\000t\000i\000o\000n}{subsection.9.2}% 68
\BOOKMARK [1][-]{section.10}{\376\377\000F\000u\000t\000u\000r\000e\000\040\000D\000e\000v\000e\000l\000o\000p\000m\000e\000n\000t}{}% 69
\BOOKMARK [2][-]{subsection.10.1}{\376\377\000P\000l\000a\000n\000n\000e\000d\000\040\000F\000e\000a\000t\000u\000r\000e\000s}{section.10}% 70
\BOOKMARK [3][-]{subsubsection.10.1.1}{\376\377\000S\000h\000o\000r\000t\000-\000t\000e\000r\000m\000\040\000G\000o\000a\000l\000s\000\040\000\050\0003\000-\0006\000\040\000m\000o\000n\000t\000h\000s\000\051}{subsection.10.1}% 71
\BOOKMARK [3][-]{subsubsection.10.1.2}{\376\377\000L\000o\000n\000g\000-\000t\000e\000r\000m\000\040\000G\000o\000a\000l\000s\000\040\000\050\0006\000-\0001\0002\000\040\000m\000o\000n\000t\000h\000s\000\051}{subsection.10.1}% 72
\BOOKMARK [2][-]{subsection.10.2}{\376\377\000C\000o\000m\000m\000u\000n\000i\000t\000y\000\040\000I\000n\000v\000o\000l\000v\000e\000m\000e\000n\000t}{section.10}% 73
\BOOKMARK [3][-]{subsubsection.10.2.1}{\376\377\000C\000o\000n\000t\000r\000i\000b\000u\000t\000i\000o\000n\000\040\000G\000u\000i\000d\000e\000l\000i\000n\000e\000s}{subsection.10.2}% 74
\BOOKMARK [1][-]{section.11}{\376\377\000C\000o\000n\000c\000l\000u\000s\000i\000o\000n}{}% 75
\BOOKMARK [2][-]{subsection.11.1}{\376\377\000K\000e\000y\000\040\000A\000c\000h\000i\000e\000v\000e\000m\000e\000n\000t\000s}{section.11}% 76
\BOOKMARK [2][-]{subsection.11.2}{\376\377\000I\000m\000p\000a\000c\000t\000\040\000a\000n\000d\000\040\000S\000i\000g\000n\000i\000f\000i\000c\000a\000n\000c\000e}{section.11}% 77
\BOOKMARK [1][-]{section.12}{\376\377\000P\000r\000o\000j\000e\000c\000t\000\040\000R\000e\000s\000o\000u\000r\000c\000e\000s}{}% 78
\BOOKMARK [2][-]{subsection.12.1}{\376\377\000O\000f\000f\000i\000c\000i\000a\000l\000\040\000C\000h\000a\000n\000n\000e\000l\000s}{section.12}% 79
\BOOKMARK [2][-]{subsection.12.2}{\376\377\000C\000o\000n\000t\000a\000c\000t\000\040\000I\000n\000f\000o\000r\000m\000a\000t\000i\000o\000n}{section.12}% 80
\BOOKMARK [1][-]{appendix.A}{\376\377\000I\000n\000s\000t\000a\000l\000l\000a\000t\000i\000o\000n\000\040\000C\000o\000m\000m\000a\000n\000d\000\040\000R\000e\000f\000e\000r\000e\000n\000c\000e}{}% 81
\BOOKMARK [2][-]{subsection.A.1}{\376\377\000B\000a\000s\000i\000c\000\040\000I\000n\000s\000t\000a\000l\000l\000a\000t\000i\000o\000n\000\040\000C\000o\000m\000m\000a\000n\000d\000s}{appendix.A}% 82
\BOOKMARK [2][-]{subsection.A.2}{\376\377\000C\000o\000n\000f\000i\000g\000u\000r\000a\000t\000i\000o\000n\000\040\000E\000x\000a\000m\000p\000l\000e\000s}{appendix.A}% 83
\BOOKMARK [1][-]{appendix.B}{\376\377\000S\000y\000s\000t\000e\000m\000\040\000S\000p\000e\000c\000i\000f\000i\000c\000a\000t\000i\000o\000n\000s}{}% 84
\BOOKMARK [2][-]{subsection.B.1}{\376\377\000M\000i\000n\000i\000m\000u\000m\000\040\000R\000e\000q\000u\000i\000r\000e\000m\000e\000n\000t\000s}{appendix.B}% 85
\BOOKMARK [2][-]{subsection.B.2}{\376\377\000R\000e\000c\000o\000m\000m\000e\000n\000d\000e\000d\000\040\000S\000p\000e\000c\000i\000f\000i\000c\000a\000t\000i\000o\000n\000s}{appendix.B}% 86
\BOOKMARK [1][-]{appendix.C}{\376\377\000R\000e\000f\000e\000r\000e\000n\000c\000e\000s}{}% 87
